[01:12:29] [main/INFO] (FabricLoader/GameProvider) Loading Minecraft 1.19.4 with Fabric Loader 0.15.2
[01:12:30] [main/INFO] (FabricLoader) Loading 56 mods:
	- fabric-api 0.79.0+1.19.4
	- fabric-api-base 0.4.24+9ff28bcef4
	- fabric-api-lookup-api-v1 1.6.25+49abcf7ef4
	- fabric-biome-api-v1 13.0.7+348a9c64f4
	- fabric-block-api-v1 1.0.6+e022e5d1f4
	- fabric-blockrenderlayer-v1 1.1.34+c2e6f674f4
	- fabric-client-tags-api-v1 1.0.15+1134c5b8f4
	- fabric-command-api-v1 1.2.27+f71b366ff4
	- fabric-command-api-v2 2.2.6+e719b857f4
	- fabric-commands-v0 0.2.44+df3654b3f4
	- fabric-containers-v0 0.1.54+df3654b3f4
	- fabric-content-registries-v0 3.5.9+ae0966baf4
	- fabric-convention-tags-v1 1.4.1+9a7c5daaf4
	- fabric-crash-report-info-v1 0.2.15+aeb40ebef4
	- fabric-data-generation-api-v1 11.4.0+6cebf059f4
	- fabric-dimensions-v1 2.1.45+7f87f8faf4
	- fabric-entity-events-v1 1.5.13+e45f7c65f4
	- fabric-events-interaction-v0 0.4.43+a1ccd7bff4
	- fabric-events-lifecycle-v0 0.2.52+df3654b3f4
	- fabric-game-rule-api-v1 1.0.33+a1ccd7bff4
	- fabric-gametest-api-v1 1.2.4+ae0966baf4
	- fabric-item-api-v1 2.1.17+09a3510cf4
	- fabric-item-group-api-v1 3.0.5+043f9acff4
	- fabric-key-binding-api-v1 1.0.33+c477957ef4
	- fabric-keybindings-v0 0.2.31+df3654b3f4
	- fabric-lifecycle-events-v1 2.2.15+5da15ca1f4
	- fabric-loot-api-v2 1.1.27+75e98211f4
	- fabric-loot-tables-v1 1.1.31+9e7660c6f4
	- fabric-message-api-v1 5.1.1+1ee8be40f4
	- fabric-mining-level-api-v1 2.1.39+49abcf7ef4
	- fabric-models-v0 0.3.30+11ba9c3bf4
	- fabric-networking-api-v1 1.3.1+a6f3ccfaf4
	- fabric-networking-v0 0.3.41+df3654b3f4
	- fabric-object-builder-api-v1 7.0.3+63b515f4f4
	- fabric-particles-v1 1.0.23+f1e4495bf4
	- fabric-recipe-api-v1 1.0.8+a1ccd7bff4
	- fabric-registry-sync-v0 2.2.0+670e8ac6f4
	- fabric-renderer-api-v1 2.2.5+81e8c576f4
	- fabric-renderer-indigo 1.1.1+81e8c576f4
	- fabric-renderer-registries-v1 3.2.38+df3654b3f4
	- fabric-rendering-data-attachment-v1 0.3.28+afca2f3ef4
	- fabric-rendering-fluids-v1 3.0.21+f1e4495bf4
	- fabric-rendering-v0 1.1.41+df3654b3f4
	- fabric-rendering-v1 2.1.1+8f878217f4
	- fabric-resource-conditions-api-v1 2.3.1+e6c7d4eef4
	- fabric-resource-loader-v0 0.11.2+1e1fb126f4
	- fabric-screen-api-v1 1.0.45+8c25edb4f4
	- fabric-screen-handler-api-v1 1.3.20+5da15ca1f4
	- fabric-sound-api-v1 1.0.9+75e98211f4
	- fabric-transfer-api-v1 3.1.1+da9bb835f4
	- fabric-transitive-access-wideners-v1 3.0.3+63b515f4f4
	- fabricloader 0.15.2
	- java 17
	- minecraft 1.19.4
	- mixinextras 0.3.2
	- testclient 1.0.0
[01:12:30] [main/INFO] (FabricLoader/Mixin) SpongePowered MIXIN Subsystem Version=0.8.5 Source=file:/C:/Users/rohan/.gradle/caches/modules-2/files-2.1/net.fabricmc/sponge-mixin/0.12.5+mixin.0.8.5/8d31fb97c3e0cd7c8dad3441851c523bcfae6d8e/sponge-mixin-0.12.5+mixin.0.8.5.jar Service=Knot/Fabric Env=CLIENT
[01:12:30] [main/INFO] (FabricLoader/Mixin) Loaded Fabric development mappings for mixin remapper!
[01:12:30] [main/INFO] (FabricLoader/Mixin) Compatibility level set to JAVA_16
[01:12:30] [main/INFO] (FabricLoader/Mixin) Compatibility level set to JAVA_17
[01:12:32] [main/INFO] (FabricLoader/MixinExtras|Service) Initializing MixinExtras via com.llamalad7.mixinextras.service.MixinExtrasServiceImpl(version=0.3.2).
[01:12:37] [Datafixer Bootstrap/INFO] (Minecraft) 180 Datafixer optimizations took 135 milliseconds
[01:12:40] [Render thread/INFO] (Minecraft) Environment: authHost='https://authserver.mojang.com', accountsHost='https://api.mojang.com', sessionHost='https://sessionserver.mojang.com', servicesHost='https://api.minecraftservices.com', name='PROD'
[01:12:40] [Render thread/ERROR] (Minecraft) Failed to verify authentication
com.mojang.authlib.exceptions.InvalidCredentialsException: Status: 401
	at com.mojang.authlib.exceptions.MinecraftClientHttpException.toAuthenticationException(MinecraftClientHttpException.java:56) ~[authlib-3.18.38.jar:?]
	at com.mojang.authlib.yggdrasil.YggdrasilUserApiService.fetchProperties(YggdrasilUserApiService.java:156) ~[authlib-3.18.38.jar:?]
	at com.mojang.authlib.yggdrasil.YggdrasilUserApiService.<init>(YggdrasilUserApiService.java:55) ~[authlib-3.18.38.jar:?]
	at com.mojang.authlib.yggdrasil.YggdrasilAuthenticationService.createUserApiService(YggdrasilAuthenticationService.java:161) ~[authlib-3.18.38.jar:?]
	at net.minecraft.client.MinecraftClient.createUserApiService(MinecraftClient.java:732) ~[minecraft-merged-9d06bd1931-1.19.4-net.fabricmc.yarn.1_19_4.1.19.4+build.2-v2.jar:?]
	at net.minecraft.client.MinecraftClient.<init>(MinecraftClient.java:440) ~[minecraft-merged-9d06bd1931-1.19.4-net.fabricmc.yarn.1_19_4.1.19.4+build.2-v2.jar:?]
	at net.minecraft.client.main.Main.main(Main.java:198) ~[minecraft-merged-9d06bd1931-1.19.4-net.fabricmc.yarn.1_19_4.1.19.4+build.2-v2.jar:?]
	at net.fabricmc.loader.impl.game.minecraft.MinecraftGameProvider.launch(MinecraftGameProvider.java:470) ~[fabric-loader-0.15.2.jar:?]
	at net.fabricmc.loader.impl.launch.knot.Knot.launch(Knot.java:74) ~[fabric-loader-0.15.2.jar:?]
	at net.fabricmc.loader.impl.launch.knot.KnotClient.main(KnotClient.java:23) ~[fabric-loader-0.15.2.jar:?]
	at net.fabricmc.devlaunchinjector.Main.main(Main.java:86) ~[dev-launch-injector-0.2.1+build.8.jar:?]
Caused by: com.mojang.authlib.exceptions.MinecraftClientHttpException: Status: 401
	at com.mojang.authlib.minecraft.client.MinecraftClient.readInputStream(MinecraftClient.java:85) ~[authlib-3.18.38.jar:?]
	at com.mojang.authlib.minecraft.client.MinecraftClient.get(MinecraftClient.java:48) ~[authlib-3.18.38.jar:?]
	at com.mojang.authlib.yggdrasil.YggdrasilUserApiService.fetchProperties(YggdrasilUserApiService.java:129) ~[authlib-3.18.38.jar:?]
	... 9 more
[01:12:40] [Render thread/INFO] (Minecraft) Setting user: Player610
[01:12:41] [Render thread/INFO] (Indigo) [Indigo] Registering Indigo renderer!
[01:12:41] [Render thread/INFO] (Minecraft) Backend library: LWJGL version 3.3.2-snapshot
[01:12:43] [Render thread/INFO] (Minecraft) Reloading ResourceManager: vanilla, Fabric Mods (Fabric Entity Events (v1), Fabric Screen Handler API (v1), Fabric Key Bindings (v0), Fabric Loot Tables (v1), Fabric Commands (v0), Fabric Item Group API (v1), Fabric Lifecycle Events (v1), Fabric Renderer Registries (v1), Fabric API Lookup API (v1), Fabric Screen API (v1), Fabric Content Registries (v0), Fabric Resource Loader (v0), Fabric Key Binding API (v1), Fabric Item API (v1), Fabric Biome API (v1), Fabric BlockRenderLayer Registration (v1), Fabric Sound API (v1), Fabric Client Tags, Fabric Networking (v0), Fabric Networking API (v1), Fabric Command API (v2), Fabric Mining Level API (v1), Fabric Rendering Fluids (v1), Fabric Dimensions API (v1), Fabric Game Rule API (v1), Fabric API, Fabric Rendering Data Attachment (v1), Fabric Loader, Fabric Renderer API (v1), Fabric Object Builder API (v1), Fabric Recipe API (v1), Fabric Command API (v1), Fabric Resource Conditions API (v1), Fabric Renderer - Indigo, Fabric Convention Tags, Fabric Loot API (v2), Fabric Events Lifecycle (v0), Fabric Crash Report Info (v1), Fabric Game Test API (v1), Fabric API Base, Fabric Particles (v1), Fabric Events Interaction (v0), Fabric Data Generation API (v1), Fabric Registry Sync (v0), Fabric Block API (v1), Fabric Transitive Access Wideners (v1), Fabric Transfer API (v1), Fabric Rendering (v0), Fabric Rendering (v1), Fabric Containers (v0), Fabric Models (v0), Fabric Message API (v1))
[01:12:45] [Render thread/WARN] (Minecraft) Missing sound for event: minecraft:item.brush.brushing
[01:12:45] [Render thread/WARN] (Minecraft) Missing sound for event: minecraft:item.brush.brush_sand_completed
[01:12:45] [Render thread/WARN] (Minecraft) Missing sound for event: minecraft:item.goat_horn.play
[01:12:45] [Render thread/WARN] (Minecraft) Missing sound for event: minecraft:entity.goat.screaming.horn_break
[01:12:45] [Render thread/WARN] (Minecraft) Missing sound for event: minecraft:music.overworld.cherry_grove
[01:12:46] [Render thread/INFO] (Minecraft) OpenAL initialized on device OpenAL Soft on Speakers (Realtek(R) Audio)
[01:12:46] [Render thread/INFO] (Minecraft) Sound engine started
[01:12:46] [Render thread/INFO] (Minecraft) Created: 1024x512x4 minecraft:textures/atlas/blocks.png-atlas
[01:12:46] [Render thread/INFO] (Minecraft) Created: 256x256x4 minecraft:textures/atlas/signs.png-atlas
[01:12:46] [Render thread/INFO] (Minecraft) Created: 512x512x4 minecraft:textures/atlas/banner_patterns.png-atlas
[01:12:46] [Render thread/INFO] (Minecraft) Created: 512x512x4 minecraft:textures/atlas/shield_patterns.png-atlas
[01:12:46] [Render thread/INFO] (Minecraft) Created: 1024x1024x4 minecraft:textures/atlas/armor_trims.png-atlas
[01:12:46] [Render thread/INFO] (Minecraft) Created: 64x64x4 minecraft:textures/atlas/decorated_pot.png-atlas
[01:12:46] [Render thread/INFO] (Minecraft) Created: 256x256x4 minecraft:textures/atlas/chest.png-atlas
[01:12:46] [Render thread/INFO] (Minecraft) Created: 512x256x4 minecraft:textures/atlas/beds.png-atlas
[01:12:46] [Render thread/INFO] (Minecraft) Created: 512x256x4 minecraft:textures/atlas/shulker_boxes.png-atlas
[01:12:46] [Render thread/WARN] (Minecraft) Shader rendertype_entity_translucent_emissive could not find sampler named Sampler2 in the specified shader program.
[01:12:46] [Render thread/INFO] (Minecraft) Created: 256x256x0 minecraft:textures/atlas/particles.png-atlas
[01:12:46] [Render thread/INFO] (Minecraft) Created: 256x256x0 minecraft:textures/atlas/paintings.png-atlas
[01:12:46] [Render thread/INFO] (Minecraft) Created: 128x128x0 minecraft:textures/atlas/mob_effects.png-atlas
[01:12:51] [Realms Notification Availability checker #1/INFO] (Minecraft) Could not authorize you against Realms server: Invalid session id
[01:13:01] [Render thread/INFO] (Minecraft) Stopping!
